<?xml version="1.0" encoding="UTF-8"?>
<testsuite name="com.firstWeb.web.IndexControllerTest" tests="1" skipped="0" failures="0" errors="0" timestamp="2021-11-03T16:28:24" hostname="DESKTOP-N0B1FKJ" time="0.505">
  <properties/>
  <testcase name="main_page_loading" classname="com.firstWeb.web.IndexControllerTest" time="0.505"/>
  <system-out><![CDATA[01:28:14.261 [Test worker] DEBUG org.springframework.test.context.junit4.SpringJUnit4ClassRunner - SpringJUnit4ClassRunner constructor called with [class com.firstWeb.web.IndexControllerTest]
01:28:14.270 [Test worker] DEBUG org.springframework.test.context.BootstrapUtils - Instantiating CacheAwareContextLoaderDelegate from class [org.springframework.test.context.cache.DefaultCacheAwareContextLoaderDelegate]
01:28:14.287 [Test worker] DEBUG org.springframework.test.context.BootstrapUtils - Instantiating BootstrapContext using constructor [public org.springframework.test.context.support.DefaultBootstrapContext(java.lang.Class,org.springframework.test.context.CacheAwareContextLoaderDelegate)]
01:28:14.311 [Test worker] DEBUG org.springframework.test.context.BootstrapUtils - Instantiating TestContextBootstrapper for test class [com.firstWeb.web.IndexControllerTest] from class [org.springframework.boot.test.context.SpringBootTestContextBootstrapper]
01:28:14.327 [Test worker] INFO org.springframework.boot.test.context.SpringBootTestContextBootstrapper - Neither @ContextConfiguration nor @ContextHierarchy found for test class [com.firstWeb.web.IndexControllerTest], using SpringBootContextLoader
01:28:14.334 [Test worker] DEBUG org.springframework.test.context.support.AbstractContextLoader - Did not detect default resource location for test class [com.firstWeb.web.IndexControllerTest]: class path resource [com/firstWeb/web/IndexControllerTest-context.xml] does not exist
01:28:14.335 [Test worker] DEBUG org.springframework.test.context.support.AbstractContextLoader - Did not detect default resource location for test class [com.firstWeb.web.IndexControllerTest]: class path resource [com/firstWeb/web/IndexControllerTestContext.groovy] does not exist
01:28:14.335 [Test worker] INFO org.springframework.test.context.support.AbstractContextLoader - Could not detect default resource locations for test class [com.firstWeb.web.IndexControllerTest]: no resource found for suffixes {-context.xml, Context.groovy}.
01:28:14.336 [Test worker] INFO org.springframework.test.context.support.AnnotationConfigContextLoaderUtils - Could not detect default configuration classes for test class [com.firstWeb.web.IndexControllerTest]: IndexControllerTest does not declare any static, non-private, non-final, nested classes annotated with @Configuration.
01:28:14.381 [Test worker] DEBUG org.springframework.test.context.support.ActiveProfilesUtils - Could not find an 'annotation declaring class' for annotation type [org.springframework.test.context.ActiveProfiles] and class [com.firstWeb.web.IndexControllerTest]
01:28:14.479 [Test worker] DEBUG org.springframework.context.annotation.ClassPathScanningCandidateComponentProvider - Identified candidate component class: file [C:\Users\jungHeyon\IdeaProjects\fristWeb\build\classes\java\main\com\firstWeb\Application.class]
01:28:14.481 [Test worker] INFO org.springframework.boot.test.context.SpringBootTestContextBootstrapper - Found @SpringBootConfiguration com.firstWeb.Application for test class com.firstWeb.web.IndexControllerTest
01:28:14.587 [Test worker] DEBUG org.springframework.boot.test.context.SpringBootTestContextBootstrapper - @TestExecutionListeners is not present for class [com.firstWeb.web.IndexControllerTest]: using defaults.
01:28:14.588 [Test worker] INFO org.springframework.boot.test.context.SpringBootTestContextBootstrapper - Loaded default TestExecutionListener class names from location [META-INF/spring.factories]: [org.springframework.boot.test.autoconfigure.restdocs.RestDocsTestExecutionListener, org.springframework.boot.test.autoconfigure.web.client.MockRestServiceServerResetTestExecutionListener, org.springframework.boot.test.autoconfigure.web.servlet.MockMvcPrintOnlyOnFailureTestExecutionListener, org.springframework.boot.test.autoconfigure.web.servlet.WebDriverTestExecutionListener, org.springframework.boot.test.mock.mockito.MockitoTestExecutionListener, org.springframework.boot.test.mock.mockito.ResetMocksTestExecutionListener, org.springframework.test.context.web.ServletTestExecutionListener, org.springframework.test.context.support.DirtiesContextBeforeModesTestExecutionListener, org.springframework.test.context.support.DependencyInjectionTestExecutionListener, org.springframework.test.context.support.DirtiesContextTestExecutionListener, org.springframework.test.context.transaction.TransactionalTestExecutionListener, org.springframework.test.context.jdbc.SqlScriptsTestExecutionListener]
01:28:14.608 [Test worker] INFO org.springframework.boot.test.context.SpringBootTestContextBootstrapper - Using TestExecutionListeners: [org.springframework.test.context.web.ServletTestExecutionListener@62fe5e7a, org.springframework.test.context.support.DirtiesContextBeforeModesTestExecutionListener@456c8a4f, org.springframework.boot.test.mock.mockito.MockitoTestExecutionListener@bf11cc1, org.springframework.boot.test.autoconfigure.SpringBootDependencyInjectionTestExecutionListener@2dd11805, org.springframework.test.context.support.DirtiesContextTestExecutionListener@3d4c9e4b, org.springframework.test.context.transaction.TransactionalTestExecutionListener@1cd3455f, org.springframework.test.context.jdbc.SqlScriptsTestExecutionListener@1fc74510, org.springframework.boot.test.autoconfigure.restdocs.RestDocsTestExecutionListener@3a7367dd, org.springframework.boot.test.autoconfigure.web.client.MockRestServiceServerResetTestExecutionListener@6314081e, org.springframework.boot.test.autoconfigure.web.servlet.MockMvcPrintOnlyOnFailureTestExecutionListener@656b409e, org.springframework.boot.test.autoconfigure.web.servlet.WebDriverTestExecutionListener@40a176e6, org.springframework.boot.test.mock.mockito.ResetMocksTestExecutionListener@61cdaca0]
01:28:14.612 [Test worker] DEBUG org.springframework.test.annotation.ProfileValueUtils - Retrieved @ProfileValueSourceConfiguration [null] for test class [com.firstWeb.web.IndexControllerTest]
01:28:14.612 [Test worker] DEBUG org.springframework.test.annotation.ProfileValueUtils - Retrieved ProfileValueSource type [class org.springframework.test.annotation.SystemProfileValueSource] for class [com.firstWeb.web.IndexControllerTest]
01:28:14.615 [Test worker] DEBUG org.springframework.test.annotation.ProfileValueUtils - Retrieved @ProfileValueSourceConfiguration [null] for test class [com.firstWeb.web.IndexControllerTest]
01:28:14.615 [Test worker] DEBUG org.springframework.test.annotation.ProfileValueUtils - Retrieved ProfileValueSource type [class org.springframework.test.annotation.SystemProfileValueSource] for class [com.firstWeb.web.IndexControllerTest]
01:28:14.616 [Test worker] DEBUG org.springframework.test.annotation.ProfileValueUtils - Retrieved @ProfileValueSourceConfiguration [null] for test class [com.firstWeb.web.IndexControllerTest]
01:28:14.616 [Test worker] DEBUG org.springframework.test.annotation.ProfileValueUtils - Retrieved ProfileValueSource type [class org.springframework.test.annotation.SystemProfileValueSource] for class [com.firstWeb.web.IndexControllerTest]
01:28:14.620 [Test worker] DEBUG org.springframework.test.context.support.AbstractDirtiesContextTestExecutionListener - Before test class: context [DefaultTestContext@237d9eb testClass = IndexControllerTest, testInstance = [null], testMethod = [null], testException = [null], mergedContextConfiguration = [WebMergedContextConfiguration@599e6b14 testClass = IndexControllerTest, locations = '{}', classes = '{class com.firstWeb.Application}', contextInitializerClasses = '[]', activeProfiles = '{}', propertySourceLocations = '{}', propertySourceProperties = '{org.springframework.boot.test.context.SpringBootTestContextBootstrapper=true, server.port=0}', contextCustomizers = set[org.springframework.boot.test.autoconfigure.properties.PropertyMappingContextCustomizer@0, org.springframework.boot.test.autoconfigure.web.servlet.WebDriverContextCustomizerFactory$Customizer@609cdb32, org.springframework.boot.test.context.filter.ExcludeFilterContextCustomizer@196e4871, org.springframework.boot.test.json.DuplicateJsonObjectContextCustomizerFactory$DuplicateJsonObjectContextCustomizer@17ec6a3f, org.springframework.boot.test.mock.mockito.MockitoContextCustomizer@0, org.springframework.boot.test.web.client.TestRestTemplateContextCustomizer@26e5673e], resourceBasePath = 'src/main/webapp', contextLoader = 'org.springframework.boot.test.context.SpringBootContextLoader', parent = [null]], attributes = map['org.springframework.test.context.web.ServletTestExecutionListener.activateListener' -> false]], class annotated with @DirtiesContext [false] with mode [null].
01:28:14.621 [Test worker] DEBUG org.springframework.test.annotation.ProfileValueUtils - Retrieved @ProfileValueSourceConfiguration [null] for test class [com.firstWeb.web.IndexControllerTest]
01:28:14.621 [Test worker] DEBUG org.springframework.test.annotation.ProfileValueUtils - Retrieved ProfileValueSource type [class org.springframework.test.annotation.SystemProfileValueSource] for class [com.firstWeb.web.IndexControllerTest]
01:28:14.626 [Test worker] DEBUG org.springframework.test.context.support.DependencyInjectionTestExecutionListener - Performing dependency injection for test context [[DefaultTestContext@237d9eb testClass = IndexControllerTest, testInstance = com.firstWeb.web.IndexControllerTest@59c8a48b, testMethod = [null], testException = [null], mergedContextConfiguration = [WebMergedContextConfiguration@599e6b14 testClass = IndexControllerTest, locations = '{}', classes = '{class com.firstWeb.Application}', contextInitializerClasses = '[]', activeProfiles = '{}', propertySourceLocations = '{}', propertySourceProperties = '{org.springframework.boot.test.context.SpringBootTestContextBootstrapper=true, server.port=0}', contextCustomizers = set[org.springframework.boot.test.autoconfigure.properties.PropertyMappingContextCustomizer@0, org.springframework.boot.test.autoconfigure.web.servlet.WebDriverContextCustomizerFactory$Customizer@609cdb32, org.springframework.boot.test.context.filter.ExcludeFilterContextCustomizer@196e4871, org.springframework.boot.test.json.DuplicateJsonObjectContextCustomizerFactory$DuplicateJsonObjectContextCustomizer@17ec6a3f, org.springframework.boot.test.mock.mockito.MockitoContextCustomizer@0, org.springframework.boot.test.web.client.TestRestTemplateContextCustomizer@26e5673e], resourceBasePath = 'src/main/webapp', contextLoader = 'org.springframework.boot.test.context.SpringBootContextLoader', parent = [null]], attributes = map['org.springframework.test.context.web.ServletTestExecutionListener.activateListener' -> false]]].
01:28:14.647 [Test worker] DEBUG org.springframework.test.context.support.TestPropertySourceUtils - Adding inlined properties to environment: {spring.jmx.enabled=false, org.springframework.boot.test.context.SpringBootTestContextBootstrapper=true, server.port=0}

  .   ____          _            __ _ _
 /\\ / ___'_ __ _ _(_)_ __  __ _ \ \ \ \
( ( )\___ | '_ | '_| | '_ \/ _` | \ \ \ \
 \\/  ___)| |_)| | | | | || (_| |  ) ) ) )
  '  |____| .__|_| |_|_| |_\__, | / / / /
 =========|_|==============|___/=/_/_/_/
 :: Spring Boot ::        (v2.1.7.RELEASE)

2021-11-04 01:28:15.004  INFO 16448 --- [    Test worker] com.firstWeb.web.IndexControllerTest     : Starting IndexControllerTest on DESKTOP-N0B1FKJ with PID 16448 (started by jungHeyon in C:\Users\jungHeyon\IdeaProjects\fristWeb)
2021-11-04 01:28:15.006  INFO 16448 --- [    Test worker] com.firstWeb.web.IndexControllerTest     : No active profile set, falling back to default profiles: default
2021-11-04 01:28:16.484  INFO 16448 --- [    Test worker] .s.d.r.c.RepositoryConfigurationDelegate : Bootstrapping Spring Data repositories in DEFAULT mode.
2021-11-04 01:28:16.655  INFO 16448 --- [    Test worker] .s.d.r.c.RepositoryConfigurationDelegate : Finished Spring Data repository scanning in 149ms. Found 1 repository interfaces.
2021-11-04 01:28:17.167  INFO 16448 --- [    Test worker] trationDelegate$BeanPostProcessorChecker : Bean 'org.springframework.transaction.annotation.ProxyTransactionManagementConfiguration' of type [org.springframework.transaction.annotation.ProxyTransactionManagementConfiguration$$EnhancerBySpringCGLIB$$62f70936] is not eligible for getting processed by all BeanPostProcessors (for example: not eligible for auto-proxying)
2021-11-04 01:28:18.152  INFO 16448 --- [    Test worker] o.s.b.w.embedded.tomcat.TomcatWebServer  : Tomcat initialized with port(s): 0 (http)
2021-11-04 01:28:18.190  INFO 16448 --- [    Test worker] o.apache.catalina.core.StandardService   : Starting service [Tomcat]
2021-11-04 01:28:18.191  INFO 16448 --- [    Test worker] org.apache.catalina.core.StandardEngine  : Starting Servlet engine: [Apache Tomcat/9.0.22]
2021-11-04 01:28:18.429  INFO 16448 --- [    Test worker] o.a.c.c.C.[Tomcat].[localhost].[/]       : Initializing Spring embedded WebApplicationContext
2021-11-04 01:28:18.429  INFO 16448 --- [    Test worker] o.s.web.context.ContextLoader            : Root WebApplicationContext: initialization completed in 3370 ms
2021-11-04 01:28:19.092  INFO 16448 --- [    Test worker] com.zaxxer.hikari.HikariDataSource       : HikariPool-1 - Starting...
2021-11-04 01:28:19.424  INFO 16448 --- [    Test worker] com.zaxxer.hikari.HikariDataSource       : HikariPool-1 - Start completed.
2021-11-04 01:28:19.748  INFO 16448 --- [    Test worker] o.hibernate.jpa.internal.util.LogHelper  : HHH000204: Processing PersistenceUnitInfo [
	name: default
	...]
2021-11-04 01:28:20.105  INFO 16448 --- [    Test worker] org.hibernate.Version                    : HHH000412: Hibernate Core {5.3.10.Final}
2021-11-04 01:28:20.111  INFO 16448 --- [    Test worker] org.hibernate.cfg.Environment            : HHH000206: hibernate.properties not found
2021-11-04 01:28:20.841  INFO 16448 --- [    Test worker] o.hibernate.annotations.common.Version   : HCANN000001: Hibernate Commons Annotations {5.0.4.Final}
2021-11-04 01:28:21.473  INFO 16448 --- [    Test worker] org.hibernate.dialect.Dialect            : HHH000400: Using dialect: org.hibernate.dialect.MySQL5InnoDBDialect
Hibernate: drop table if exists posts
Hibernate: create table posts (id bigint not null auto_increment, created_date datetime, modified_date datetime, author varchar(255), content TEXT not null, title varchar(500) not null, primary key (id)) engine=InnoDB
2021-11-04 01:28:22.956  INFO 16448 --- [    Test worker] o.h.t.schema.internal.SchemaCreatorImpl  : HHH000476: Executing import script 'org.hibernate.tool.schema.internal.exec.ScriptSourceInputNonExistentImpl@bfae0ac'
2021-11-04 01:28:22.966  INFO 16448 --- [    Test worker] j.LocalContainerEntityManagerFactoryBean : Initialized JPA EntityManagerFactory for persistence unit 'default'
2021-11-04 01:28:24.306  INFO 16448 --- [    Test worker] o.s.s.concurrent.ThreadPoolTaskExecutor  : Initializing ExecutorService 'applicationTaskExecutor'
2021-11-04 01:28:24.395  WARN 16448 --- [    Test worker] aWebConfiguration$JpaWebMvcConfiguration : spring.jpa.open-in-view is enabled by default. Therefore, database queries may be performed during view rendering. Explicitly configure spring.jpa.open-in-view to disable this warning
2021-11-04 01:28:24.463  INFO 16448 --- [    Test worker] o.s.b.a.w.s.WelcomePageHandlerMapping    : Adding welcome page template: index
2021-11-04 01:28:24.912  INFO 16448 --- [    Test worker] o.s.b.w.embedded.tomcat.TomcatWebServer  : Tomcat started on port(s): 49213 (http) with context path ''
2021-11-04 01:28:24.915  INFO 16448 --- [    Test worker] com.firstWeb.web.IndexControllerTest     : Started IndexControllerTest in 10.266 seconds (JVM running for 11.355)
2021-11-04 01:28:25.209  INFO 16448 --- [o-auto-1-exec-1] o.a.c.c.C.[Tomcat].[localhost].[/]       : Initializing Spring DispatcherServlet 'dispatcherServlet'
2021-11-04 01:28:25.210  INFO 16448 --- [o-auto-1-exec-1] o.s.web.servlet.DispatcherServlet        : Initializing Servlet 'dispatcherServlet'
2021-11-04 01:28:25.251  INFO 16448 --- [o-auto-1-exec-1] o.s.web.servlet.DispatcherServlet        : Completed initialization in 41 ms
]]></system-out>
  <system-err><![CDATA[]]></system-err>
</testsuite>
